<?xml version="1.0" encoding="UTF-8"?>
<!-- Generated by org.testng.reporters.JUnitReportReporter -->
<testsuite skipped="0" hostname="DESKTOP-6E5DV7V" name="selenium.auto.com.AppTest" tests="1" failures="0" timestamp="14 Feb 2018 03:13:09 GMT" time="46.291" errors="0">
  <testcase name="linkedinLogin" time="46.291" classname="selenium.auto.com.AppTest"/>
</testsuite> <!-- selenium.auto.com.AppTest -->
